<?xml version="1.0" encoding="UTF-8"?>
<robot generator="Robot 3.1.2 (Python 3.6.0 on win32)" generated="20200722 12:01:20.296" rpa="false">
<suite id="s1" name="HR Check" source="C:\post-clone-check-HR\Tests\HR_Check.robot">
<test id="s1-t1" name="Run SQR Report">
<kw name="Begin Web Test" library="CommonWeb" type="setup">
<kw name="Open Browser" library="SeleniumLibrary">
<doc>Opens a new browser instance to the optional ``url``.</doc>
<arguments>
<arg>${properties.URL}</arg>
<arg>${BROWSER}</arg>
</arguments>
<msg timestamp="20200722 12:01:21.644" level="INFO">Opening browser 'chrome' to base url 'https://hsjdev.cms.calstate.edu/psp/HBSJSTG/?cmd=login&amp;languageCd=ENG&amp;'.</msg>
<status status="PASS" starttime="20200722 12:01:21.643" endtime="20200722 12:01:31.494"></status>
</kw>
<kw name="Maximize Browser Window" library="SeleniumLibrary">
<doc>Maximizes current browser window.</doc>
<status status="PASS" starttime="20200722 12:01:31.495" endtime="20200722 12:01:32.822"></status>
</kw>
<status status="PASS" starttime="20200722 12:01:21.643" endtime="20200722 12:01:32.822"></status>
</kw>
<kw name="Run SQR Report" library="HRApp">
<kw name="Run SQR Report" library="SQR_Report">
<kw name="poll_status">
<assign>
<var>${return_status}=</var>
</assign>
<msg timestamp="20200722 12:01:32.841" level="FAIL">No keyword with name 'poll_status' found.</msg>
<status status="FAIL" starttime="20200722 12:01:32.841" endtime="20200722 12:01:32.842"></status>
</kw>
<status status="FAIL" starttime="20200722 12:01:32.832" endtime="20200722 12:01:32.842"></status>
</kw>
<status status="FAIL" starttime="20200722 12:01:32.829" endtime="20200722 12:01:32.843"></status>
</kw>
<kw name="End Web Test" library="CommonWeb" type="teardown">
<kw name="Close All Browsers" library="SeleniumLibrary">
<doc>Closes all open browsers and resets the browser cache.</doc>
<status status="PASS" starttime="20200722 12:01:32.847" endtime="20200722 12:01:38.197"></status>
</kw>
<status status="PASS" starttime="20200722 12:01:32.846" endtime="20200722 12:01:38.198"></status>
</kw>
<doc>Runs a SQR Report</doc>
<tags>
<tag>SQR</tag>
</tags>
<status status="FAIL" starttime="20200722 12:01:21.641" endtime="20200722 12:01:38.198" critical="yes">No keyword with name 'poll_status' found.</status>
</test>
<doc>Check HR Environment after Post-Clone runs</doc>
<status status="FAIL" starttime="20200722 12:01:20.301" endtime="20200722 12:01:38.205"></status>
</suite>
<statistics>
<total>
<stat pass="0" fail="1">Critical Tests</stat>
<stat pass="0" fail="1">All Tests</stat>
</total>
<tag>
<stat pass="0" fail="1">SQR</stat>
</tag>
<suite>
<stat pass="0" fail="1" id="s1" name="HR Check">HR Check</stat>
</suite>
</statistics>
<errors>
<msg timestamp="20200722 12:01:21.630" level="ERROR">Error in file 'C:\post-clone-check-HR\Resources\PO\SQR_Report.robot': Importing test library 'C:\post-clone-check-HR\CustomLibrary\polling.py' failed: ModuleNotFoundError: No module named 'CustomLibrary'
Traceback (most recent call last):
  File "C:\post-clone-check-HR\CustomLibrary\polling.py", line 7, in &lt;module&gt;
    from CustomLibrary import properties
PYTHONPATH:
  C:\Users\010203453\Games\Scripts\robot.exe
  c:\users\010203453\games\scripts\python36.zip
  C:\Users\010203453\AppData\Local\Programs\Python\Python36\DLLs
  C:\Users\010203453\AppData\Local\Programs\Python\Python36\lib
  C:\Users\010203453\AppData\Local\Programs\Python\Python36
  c:\users\010203453\games
  c:\users\010203453\games\lib\site-packages
  c:\users\010203453\games\lib\site-packages\setuptools-40.8.0-py3.6.egg
  c:\users\010203453\games\lib\site-packages\pip-19.0.3-py3.6.egg
  c:\users\010203453\games\lib\site-packages\numpy-1.17.2-py3.6-win-amd64.egg</msg>
</errors>
</robot>
